<?xml version="1.0" encoding="UTF-8"?>
<testsuite xmlns:xsi="http://www.w3.org/2001/XMLSchema-instance" xsi:noNamespaceSchemaLocation="https://maven.apache.org/surefire/maven-surefire-plugin/xsd/surefire-test-report.xsd" name="apidispatcher.apigateway.platenogroup.com.LocalRouterTest" time="24.834" tests="4" errors="0" skipped="0" failures="0">
  <properties>
[...]
</properties>
  <testcase name="postHeaderFilter" classname="apidispatcher.apigateway.platenogroup.com.LocalRouterTest" time="1.027"/>
  <testcase name="postHeaderVersionFilter" classname="apidispatcher.apigateway.platenogroup.com.LocalRouterTest" time="0.032"/>
  <testcase name="routeToLocalRequest" classname="apidispatcher.apigateway.platenogroup.com.LocalRouterTest" time="0.015"/>
  <testcase name="requestId" classname="apidispatcher.apigateway.platenogroup.com.LocalRouterTest" time="0.031"/>
</testsuite>